<?xml version="1.0" encoding="UTF-8"?>
<!-- Generated by org.testng.reporters.JUnitReportReporter -->
<testsuite hostname="ANITA" failures="0" tests="4" name="api.test.StudentsTestsProperties" time="3.729" errors="0" timestamp="2024-02-21T20:56:49 GMT" skipped="0">
  <testcase classname="api.test.StudentsTestsProperties" name="testPostUser" time="3.566"/>
  <system-out/>
  <testcase classname="api.test.StudentsTestsProperties" name="testReadUserByUserName" time="0.072"/>
  <system-out/>
  <testcase classname="api.test.StudentsTestsProperties" name="testUpdateUserByName" time="0.065"/>
  <system-out/>
  <testcase classname="api.test.StudentsTestsProperties" name="testDeleteUser" time="0.026"/>
  <system-out/>
</testsuite> <!-- api.test.StudentsTestsProperties -->
