<?xml version="1.0" encoding="UTF-8"?>
<!-- Generated by org.testng.reporters.JUnitReportReporter -->
<testsuite hostname="ANITA" failures="0" tests="1" name="api.test.UserTests" time="2.672" errors="0" timestamp="2024-02-13T22:16:46 GMT" skipped="0">
  <testcase classname="api.test.UserTests" name="testPostUser" time="2.672"/>
  <system-out/>
</testsuite> <!-- api.test.UserTests -->
