<?xml version="1.0" encoding="UTF-8"?>
<!-- Generated by org.testng.reporters.JUnitReportReporter -->
<testsuite hostname="ANITA" failures="0" tests="1" name="api.chaining.GetUser" time="0.727" errors="0" timestamp="2024-02-08T12:42:13 GMT" skipped="0">
  <testcase classname="api.chaining.GetUser" name="getUserTest" time="0.727"/>
  <system-out/>
</testsuite> <!-- api.chaining.GetUser -->
