<?xml version="1.0" encoding="UTF-8"?>
<!-- Generated by org.testng.reporters.JUnitReportReporter -->
<testsuite hostname="LAPTOP-FKPOLCI9" failures="0" tests="4" name="api.test.HTTPRequests" time="2.871" errors="0" timestamp="2024-01-29T21:58:05 GMT" skipped="0">
  <testcase classname="api.test.HTTPRequests" name="getUserData" time="1.672"/>
  <system-out/>
  <testcase classname="api.test.HTTPRequests" name="createUserData" time="0.973"/>
  <system-out/>
  <testcase classname="api.test.HTTPRequests" name="updateUserData" time="0.117"/>
  <system-out/>
  <testcase classname="api.test.HTTPRequests" name="deleteUserData" time="0.109"/>
  <system-out/>
</testsuite> <!-- api.test.HTTPRequests -->
