<?xml version="1.0" encoding="UTF-8"?>
<!-- Generated by org.testng.reporters.JUnitReportReporter -->
<testsuite hostname="ANITA" failures="0" tests="1" name="onlineTutorials.CookiesAndHeaders" time="2.444" errors="0" timestamp="2024-02-08T16:38:25 GMT" skipped="0">
  <testcase classname="onlineTutorials.CookiesAndHeaders" name="allHeaders" time="2.444"/>
  <system-out/>
</testsuite> <!-- onlineTutorials.CookiesAndHeaders -->
