<?xml version="1.0" encoding="UTF-8"?>
<!-- Generated by org.testng.reporters.JUnitReportReporter -->
<testsuite hostname="ANITA" failures="0" tests="1" name="onlineTutorials.SerializationDeSerialization" time="0.268" errors="0" timestamp="2024-02-13T21:47:32 GMT" skipped="0">
  <testcase classname="onlineTutorials.SerializationDeSerialization" name="convertJsonToPojo" time="0.268"/>
  <system-out/>
</testsuite> <!-- onlineTutorials.SerializationDeSerialization -->
