<?xml version="1.0" encoding="UTF-8"?>
<!-- Generated by org.testng.reporters.JUnitReportReporter -->
<testsuite hostname="ANITA" failures="0" tests="1" name="api.chaining.CreateUser" time="3.854" errors="0" timestamp="2024-02-08T12:42:13 GMT" skipped="0">
  <testcase classname="api.chaining.CreateUser" name="createUserTest" time="3.854"/>
  <system-out/>
</testsuite> <!-- api.chaining.CreateUser -->
